<?xml version="1.0" encoding="UTF-8"?>
<coverage generated="1466708677196" clover="4.0.6">
   <project name="Sample Embedded Jetty Application 0.1" timestamp="1466708673122">
      <metrics coveredelements="53" complexity="14" loc="182" methods="13" classes="4" statements="38" packages="2" coveredconditionals="2" coveredmethods="13" elements="53" ncloc="123" files="4" conditionals="2" coveredstatements="38"/>
      <package name="com.example.sample.rest">
         <metrics coveredelements="44" complexity="12" loc="139" methods="11" classes="3" statements="31" coveredconditionals="2" coveredmethods="11" elements="44" ncloc="95" files="3" conditionals="2" coveredstatements="31"/>
         <file path="/Users/vishyoo/Documents/personal/git/example-javacode/src/main/java/com/example/sample/rest/MetricsReporter.java" name="MetricsReporter.java">
            <metrics coveredelements="3" coveredconditionals="0" complexity="2" loc="18" coveredmethods="2" methods="2" elements="3" classes="1" ncloc="10" statements="1" conditionals="0" coveredstatements="1"/>
            <class name="MetricsReporter">
               <metrics coveredelements="3" coveredconditionals="0" complexity="2" coveredmethods="2" methods="2" elements="3" statements="1" conditionals="0" coveredstatements="1"/>
            </class>
            <line complexity="1" visibility="private" signature="MetricsReporter()" num="12" count="1" type="method"/>
            <line complexity="1" visibility="public" signature="getInstance() : MetricsReporter" num="15" count="8" type="method"/>
            <line num="16" count="8" type="stmt"/>
         </file>
         <file path="/Users/vishyoo/Documents/personal/git/example-javacode/src/main/java/com/example/sample/rest/RestApplication.java" name="RestApplication.java">
            <metrics coveredelements="6" coveredconditionals="0" complexity="2" loc="27" coveredmethods="2" methods="2" elements="6" classes="1" ncloc="19" statements="4" conditionals="0" coveredstatements="4"/>
            <class name="RestApplication">
               <metrics coveredelements="6" coveredconditionals="0" complexity="2" coveredmethods="2" methods="2" elements="6" statements="4" conditionals="0" coveredstatements="4"/>
            </class>
            <line complexity="1" visibility="public" signature="RestApplication()" num="17" count="2" type="method"/>
            <line num="18" count="2" type="stmt"/>
            <line num="19" count="2" type="stmt"/>
            <line num="20" count="2" type="stmt"/>
            <line complexity="1" visibility="public" signature="getSingletons() : Set&lt;Object&gt;" num="23" count="4" type="method"/>
            <line num="25" count="4" type="stmt"/>
         </file>
         <file path="/Users/vishyoo/Documents/personal/git/example-javacode/src/main/java/com/example/sample/rest/Server.java" name="Server.java">
            <metrics coveredelements="35" coveredconditionals="2" complexity="8" loc="94" coveredmethods="7" methods="7" elements="35" classes="1" ncloc="66" statements="26" conditionals="2" coveredstatements="26"/>
            <class name="Server">
               <metrics coveredelements="35" coveredconditionals="2" complexity="8" coveredmethods="7" methods="7" elements="35" statements="26" conditionals="2" coveredstatements="26"/>
            </class>
            <line complexity="1" visibility="public" signature="startServer() : void" num="32" count="2" type="method"/>
            <line num="33" count="2" type="stmt"/>
            <line num="34" count="2" type="stmt"/>
            <line num="35" count="2" type="stmt"/>
            <line num="37" count="2" type="stmt"/>
            <line num="38" count="2" type="stmt"/>
            <line num="39" count="2" type="stmt"/>
            <line num="42" count="2" type="stmt"/>
            <line num="44" count="2" type="stmt"/>
            <line complexity="1" visibility="protected" signature="getMetricRegistry() : MetricRegistry" num="45" count="2" type="method"/>
            <line num="47" count="2" type="stmt"/>
            <line complexity="1" visibility="protected" signature="getRateUnit() : TimeUnit" num="50" count="4" type="method"/>
            <line num="52" count="4" type="stmt"/>
            <line complexity="1" visibility="protected" signature="getDurationUnit() : TimeUnit" num="55" count="4" type="method"/>
            <line num="57" count="4" type="stmt"/>
            <line num="61" count="2" type="stmt"/>
            <line num="62" count="2" type="stmt"/>
            <line num="64" count="2" type="stmt"/>
            <line num="65" count="2" type="stmt"/>
            <line num="67" count="2" type="stmt"/>
            <line num="68" count="2" type="stmt"/>
            <line num="71" count="2" type="stmt"/>
            <line num="72" count="2" type="stmt"/>
            <line num="75" count="2" type="stmt"/>
            <line num="76" count="2" type="stmt"/>
            <line complexity="2" visibility="public" signature="stopServer() : void" num="79" count="3" type="method"/>
            <line num="80" count="3" type="stmt"/>
            <line falsecount="1" truecount="2" num="80" type="cond"/>
            <line num="81" count="2" type="stmt"/>
            <line num="84" count="3" type="stmt"/>
            <line complexity="1" visibility="public" signature="isServerRunning() : boolean" num="87" count="1" type="method"/>
            <line num="88" count="1" type="stmt"/>
            <line complexity="1" visibility="public" signature="main(String) : void" num="91" count="2" type="method"/>
            <line num="92" count="2" type="stmt"/>
         </file>
      </package>
      <package name="com.example.sample.rest.services">
         <metrics coveredelements="9" complexity="2" loc="43" methods="2" classes="1" statements="7" coveredconditionals="0" coveredmethods="2" elements="9" ncloc="28" files="1" conditionals="0" coveredstatements="7"/>
         <file path="/Users/vishyoo/Documents/personal/git/example-javacode/src/main/java/com/example/sample/rest/services/SampleResource.java" name="SampleResource.java">
            <metrics coveredelements="9" coveredconditionals="0" complexity="2" loc="43" coveredmethods="2" methods="2" elements="9" classes="1" ncloc="28" statements="7" conditionals="0" coveredstatements="7"/>
            <class name="SampleResource">
               <metrics coveredelements="9" coveredconditionals="0" complexity="2" coveredmethods="2" methods="2" elements="9" statements="7" conditionals="0" coveredstatements="7"/>
            </class>
            <line complexity="1" visibility="public" signature="SampleResource()" num="27" count="2" type="method"/>
            <line num="28" count="2" type="stmt"/>
            <line num="29" count="2" type="stmt"/>
            <line complexity="1" visibility="public" signature="getPing() : String" num="33" count="1" type="method"/>
            <line num="37" count="1" type="stmt"/>
            <line num="38" count="1" type="stmt"/>
            <line num="39" count="1" type="stmt"/>
            <line num="40" count="1" type="stmt"/>
            <line num="41" count="1" type="stmt"/>
         </file>
      </package>
   </project>
   <testproject name="Sample Embedded Jetty Application 0.1" timestamp="1466708673122">
      <metrics coveredelements="16" complexity="5" loc="44" methods="5" classes="1" statements="11" packages="1" coveredconditionals="0" coveredmethods="5" elements="16" ncloc="35" files="1" conditionals="0" coveredstatements="11"/>
      <package name="com.example.sample.rest">
         <metrics coveredelements="16" complexity="5" loc="44" methods="5" classes="1" statements="11" coveredconditionals="0" coveredmethods="5" elements="16" ncloc="35" files="1" conditionals="0" coveredstatements="11"/>
         <file path="/Users/vishyoo/Documents/personal/git/example-javacode/src/test/java/com/example/sample/rest/ServerTest.java" name="ServerTest.java">
            <metrics coveredelements="16" coveredconditionals="0" complexity="5" loc="44" coveredmethods="5" methods="5" elements="16" classes="1" ncloc="35" statements="11" conditionals="0" coveredstatements="11"/>
            <class name="ServerTest">
               <metrics coveredelements="16" complexity="5" methods="5" testruns="2" statements="11" coveredconditionals="0" coveredmethods="5" elements="16" testfailures="0" testduration="0.305" conditionals="0" coveredstatements="11" testpasses="2"/>
            </class>
            <line complexity="1" visibility="public" signature="setup() : void" num="15" count="2" type="method"/>
            <line num="17" count="2" type="stmt"/>
            <line complexity="1" visibility="public" signature="tearDown() : void" num="20" count="2" type="method"/>
            <line num="22" count="2" type="stmt"/>
            <line complexity="1" visibility="public" signature="testGetPing() : void" num="25" testsuccess="true" count="1" testduration="0.304" type="method"/>
            <line num="27" count="1" type="stmt"/>
            <line num="28" count="1" type="stmt"/>
            <line num="29" count="1" type="stmt"/>
            <line num="30" count="1" type="stmt"/>
            <line num="31" count="1" type="stmt"/>
            <line num="32" count="1" type="stmt"/>
            <line complexity="1" visibility="public" signature="testServerStop() : void" num="35" testsuccess="true" count="1" testduration="0.001" type="method"/>
            <line num="37" count="1" type="stmt"/>
            <line num="38" count="1" type="stmt"/>
            <line complexity="1" visibility="private" signature="start() : void" num="41" count="2" type="method"/>
            <line num="42" count="2" type="stmt"/>
         </file>
      </package>
   </testproject>
</coverage>